{
  "stats": {
    "suites": 9,
    "tests": 13,
    "passes": 8,
    "pending": 3,
    "failures": 2,
    "start": "2021-08-31T11:18:07.100Z",
    "end": "2021-08-31T11:18:07.111Z",
    "duration": 11,
    "testsRegistered": 13,
    "passPercent": 80,
    "pendingPercent": 23.076923076923077,
    "other": 0,
    "hasOther": false,
    "skipped": 0,
    "hasSkipped": false
  },
  "results": [
    {
      "uuid": "8abdfe3d-df35-4bfa-a4ae-5d1b8e7b1c84",
      "title": "",
      "fullFile": "",
      "file": "",
      "beforeHooks": [],
      "afterHooks": [],
      "tests": [],
      "suites": [
        {
          "uuid": "a9c02360-3a6b-4e40-91dd-1984cf554db6",
          "title": "#sum()",
          "fullFile": "/Users/ajdavidson/Desktop/test/awesomocha/calc.test.js",
          "file": "/calc.test.js",
          "beforeHooks": [],
          "afterHooks": [],
          "tests": [],
          "suites": [
            {
              "uuid": "a1666614-c259-471c-9a72-b57d3d3f80e2",
              "title": "without arguments",
              "fullFile": "/Users/ajdavidson/Desktop/test/awesomocha/calc.test.js",
              "file": "/calc.test.js",
              "beforeHooks": [],
              "afterHooks": [],
              "tests": [
                {
                  "title": "should return 0",
                  "fullTitle": "#sum() without arguments should return 0",
                  "timedOut": false,
                  "duration": 0,
                  "state": "passed",
                  "speed": "fast",
                  "pass": true,
                  "fail": false,
                  "pending": false,
                  "context": null,
                  "code": "expect(sum()).to.equal(0)",
                  "err": {},
                  "uuid": "d53e990c-b7a0-4777-b3bd-d3dfc5da8d71",
                  "parentUUID": "a1666614-c259-471c-9a72-b57d3d3f80e2",
                  "isHook": false,
                  "skipped": false
                }
              ],
              "suites": [],
              "passes": [
                "d53e990c-b7a0-4777-b3bd-d3dfc5da8d71"
              ],
              "failures": [],
              "pending": [],
              "skipped": [],
              "duration": 0,
              "root": false,
              "rootEmpty": false,
              "_timeout": 2000
            },
            {
              "uuid": "239e21a2-437e-49ce-b7d1-4e23b4029781",
              "title": "should skip this group",
              "fullFile": "/Users/ajdavidson/Desktop/test/awesomocha/calc.test.js",
              "file": "/calc.test.js",
              "beforeHooks": [],
              "afterHooks": [],
              "tests": [
                {
                  "title": "should skip this",
                  "fullTitle": "#sum() should skip this group should skip this",
                  "timedOut": false,
                  "duration": 0,
                  "state": "pending",
                  "speed": null,
                  "pass": false,
                  "fail": false,
                  "pending": true,
                  "context": null,
                  "code": "",
                  "err": {},
                  "uuid": "b95f7821-908d-4e51-9b01-aaaaaee99079",
                  "parentUUID": "239e21a2-437e-49ce-b7d1-4e23b4029781",
                  "isHook": false,
                  "skipped": false
                },
                {
                  "title": "should skip this",
                  "fullTitle": "#sum() should skip this group should skip this",
                  "timedOut": false,
                  "duration": 0,
                  "state": "pending",
                  "speed": null,
                  "pass": false,
                  "fail": false,
                  "pending": true,
                  "context": null,
                  "code": "",
                  "err": {},
                  "uuid": "afc0da64-7a88-4e25-971d-ac57dc3b4686",
                  "parentUUID": "239e21a2-437e-49ce-b7d1-4e23b4029781",
                  "isHook": false,
                  "skipped": false
                }
              ],
              "suites": [],
              "passes": [],
              "failures": [],
              "pending": [
                "b95f7821-908d-4e51-9b01-aaaaaee99079",
                "afc0da64-7a88-4e25-971d-ac57dc3b4686"
              ],
              "skipped": [],
              "duration": 0,
              "root": false,
              "rootEmpty": false,
              "_timeout": 2000
            },
            {
              "uuid": "19b8f182-6b2b-417a-9468-6d8fe3ebc855",
              "title": "with number arguments",
              "fullFile": "/Users/ajdavidson/Desktop/test/awesomocha/calc.test.js",
              "file": "/calc.test.js",
              "beforeHooks": [],
              "afterHooks": [],
              "tests": [
                {
                  "title": "should return sum of arguments",
                  "fullTitle": "#sum() with number arguments should return sum of arguments",
                  "timedOut": false,
                  "duration": 1,
                  "state": "passed",
                  "speed": "fast",
                  "pass": true,
                  "fail": false,
                  "pending": false,
                  "context": null,
                  "code": "expect(sum(1, 2, 3, 4, 5)).to.equal(15)",
                  "err": {},
                  "uuid": "ec69a302-d365-427c-bd21-e859ed14cd4a",
                  "parentUUID": "19b8f182-6b2b-417a-9468-6d8fe3ebc855",
                  "isHook": false,
                  "skipped": false
                },
                {
                  "title": "should fail on purpose",
                  "fullTitle": "#sum() with number arguments should fail on purpose",
                  "timedOut": false,
                  "duration": 1,
                  "state": "failed",
                  "speed": null,
                  "pass": false,
                  "fail": true,
                  "pending": false,
                  "context": null,
                  "code": "expect(sum(1, 2, 3, 4, 5)).to.equal(5)",
                  "err": {
                    "message": "AssertionError: expected 15 to equal 5",
                    "estack": "AssertionError: expected 15 to equal 5\n    at Context.<anonymous> (calc.test.js:26:43)\n    at processImmediate (internal/timers.js:464:21)",
                    "diff": "- 15\n+ 5\n"
                  },
                  "uuid": "96c40b6a-474d-4413-939d-1c62d1f8a279",
                  "parentUUID": "19b8f182-6b2b-417a-9468-6d8fe3ebc855",
                  "isHook": false,
                  "skipped": false
                },
                {
                  "title": "should return argument when only one argument is passed",
                  "fullTitle": "#sum() with number arguments should return argument when only one argument is passed",
                  "timedOut": false,
                  "duration": 0,
                  "state": "passed",
                  "speed": "fast",
                  "pass": true,
                  "fail": false,
                  "pending": false,
                  "context": null,
                  "code": "expect(sum(5)).to.equal(5)",
                  "err": {},
                  "uuid": "6a65892a-8c52-44d1-b203-10839529a9b7",
                  "parentUUID": "19b8f182-6b2b-417a-9468-6d8fe3ebc855",
                  "isHook": false,
                  "skipped": false
                }
              ],
              "suites": [],
              "passes": [
                "ec69a302-d365-427c-bd21-e859ed14cd4a",
                "6a65892a-8c52-44d1-b203-10839529a9b7"
              ],
              "failures": [
                "96c40b6a-474d-4413-939d-1c62d1f8a279"
              ],
              "pending": [],
              "skipped": [],
              "duration": 2,
              "root": false,
              "rootEmpty": false,
              "_timeout": 2000
            },
            {
              "uuid": "5c20638c-3b06-4cf9-9661-9a4d1efc806f",
              "title": "with non-number arguments",
              "fullFile": "/Users/ajdavidson/Desktop/test/awesomocha/calc.test.js",
              "file": "/calc.test.js",
              "beforeHooks": [],
              "afterHooks": [],
              "tests": [
                {
                  "title": "should throw error",
                  "fullTitle": "#sum() with non-number arguments should throw error",
                  "timedOut": false,
                  "duration": 0,
                  "state": "passed",
                  "speed": "fast",
                  "pass": true,
                  "fail": false,
                  "pending": false,
                  "context": null,
                  "code": "expect(function () {\n    sum(1, 2, '3', [4], 5)\n}).to.throw(TypeError, 'sum() expects only numbers.')",
                  "err": {},
                  "uuid": "8cd68fab-9195-4d6e-b921-f4c6c18b9b76",
                  "parentUUID": "5c20638c-3b06-4cf9-9661-9a4d1efc806f",
                  "isHook": false,
                  "skipped": false
                }
              ],
              "suites": [],
              "passes": [
                "8cd68fab-9195-4d6e-b921-f4c6c18b9b76"
              ],
              "failures": [],
              "pending": [],
              "skipped": [],
              "duration": 0,
              "root": false,
              "rootEmpty": false,
              "_timeout": 2000
            }
          ],
          "passes": [],
          "failures": [],
          "pending": [],
          "skipped": [],
          "duration": 0,
          "root": false,
          "rootEmpty": false,
          "_timeout": 2000
        },
        {
          "uuid": "4f814c3c-b90d-433c-a78b-406ad79b0107",
          "title": "#diff()",
          "fullFile": "/Users/ajdavidson/Desktop/test/awesomocha/calc.test.js",
          "file": "/calc.test.js",
          "beforeHooks": [],
          "afterHooks": [],
          "tests": [],
          "suites": [
            {
              "uuid": "1c29eba7-dce8-4d9f-8529-56e594fb730b",
              "title": "without arguments",
              "fullFile": "/Users/ajdavidson/Desktop/test/awesomocha/calc.test.js",
              "file": "/calc.test.js",
              "beforeHooks": [],
              "afterHooks": [],
              "tests": [
                {
                  "title": "should return 0",
                  "fullTitle": "#diff() without arguments should return 0",
                  "timedOut": false,
                  "duration": 0,
                  "state": "passed",
                  "speed": "fast",
                  "pass": true,
                  "fail": false,
                  "pending": false,
                  "context": null,
                  "code": "expect(diff()).to.equal(0)",
                  "err": {},
                  "uuid": "34fbbd9a-f275-4abe-99ee-c128c5bc4958",
                  "parentUUID": "1c29eba7-dce8-4d9f-8529-56e594fb730b",
                  "isHook": false,
                  "skipped": false
                }
              ],
              "suites": [],
              "passes": [
                "34fbbd9a-f275-4abe-99ee-c128c5bc4958"
              ],
              "failures": [],
              "pending": [],
              "skipped": [],
              "duration": 0,
              "root": false,
              "rootEmpty": false,
              "_timeout": 2000
            },
            {
              "uuid": "204f3f22-c560-4ecd-b37f-210dc3d0a9d6",
              "title": "with number arguments",
              "fullFile": "/Users/ajdavidson/Desktop/test/awesomocha/calc.test.js",
              "file": "/calc.test.js",
              "beforeHooks": [],
              "afterHooks": [],
              "tests": [
                {
                  "title": "should return diff of arguments",
                  "fullTitle": "#diff() with number arguments should return diff of arguments",
                  "timedOut": false,
                  "duration": 0,
                  "state": "passed",
                  "speed": "fast",
                  "pass": true,
                  "fail": false,
                  "pending": false,
                  "context": null,
                  "code": "expect(diff(9, 5)).to.equal(4)",
                  "err": {},
                  "uuid": "83468381-9530-4d56-9877-1cd7243a9178",
                  "parentUUID": "204f3f22-c560-4ecd-b37f-210dc3d0a9d6",
                  "isHook": false,
                  "skipped": false
                },
                {
                  "title": "should return argument when only one argument is passed",
                  "fullTitle": "#diff() with number arguments should return argument when only one argument is passed",
                  "timedOut": false,
                  "duration": 1,
                  "state": "passed",
                  "speed": "fast",
                  "pass": true,
                  "fail": false,
                  "pending": false,
                  "context": null,
                  "code": "expect(diff(5)).to.equal(5)",
                  "err": {},
                  "uuid": "3934ae38-5818-4abc-938f-9e70c6ab4901",
                  "parentUUID": "204f3f22-c560-4ecd-b37f-210dc3d0a9d6",
                  "isHook": false,
                  "skipped": false
                },
                {
                  "title": "should fail on purpose",
                  "fullTitle": "#diff() with number arguments should fail on purpose",
                  "timedOut": false,
                  "duration": 0,
                  "state": "failed",
                  "speed": null,
                  "pass": false,
                  "fail": true,
                  "pending": false,
                  "context": null,
                  "code": "expect(diff(5)).to.equal(0)",
                  "err": {
                    "message": "AssertionError: expected 5 to equal 0",
                    "estack": "AssertionError: expected 5 to equal 0\n    at Context.<anonymous> (calc.test.js:59:32)\n    at processImmediate (internal/timers.js:464:21)",
                    "diff": "- 5\n+ 0\n"
                  },
                  "uuid": "df435fca-ee22-46ff-9edc-f48a1397c64c",
                  "parentUUID": "204f3f22-c560-4ecd-b37f-210dc3d0a9d6",
                  "isHook": false,
                  "skipped": false
                }
              ],
              "suites": [],
              "passes": [
                "83468381-9530-4d56-9877-1cd7243a9178",
                "3934ae38-5818-4abc-938f-9e70c6ab4901"
              ],
              "failures": [
                "df435fca-ee22-46ff-9edc-f48a1397c64c"
              ],
              "pending": [],
              "skipped": [],
              "duration": 1,
              "root": false,
              "rootEmpty": false,
              "_timeout": 2000
            },
            {
              "uuid": "252c2e30-cce7-4b8d-9734-01f0ba8d74ab",
              "title": "with non-number arguments",
              "fullFile": "/Users/ajdavidson/Desktop/test/awesomocha/calc.test.js",
              "file": "/calc.test.js",
              "beforeHooks": [],
              "afterHooks": [],
              "tests": [
                {
                  "title": "should skip this test",
                  "fullTitle": "#diff() with non-number arguments should skip this test",
                  "timedOut": false,
                  "duration": 0,
                  "state": "pending",
                  "speed": null,
                  "pass": false,
                  "fail": false,
                  "pending": true,
                  "context": null,
                  "code": "",
                  "err": {},
                  "uuid": "4d2d6215-4bb2-4b8c-a19e-5621f8553b57",
                  "parentUUID": "252c2e30-cce7-4b8d-9734-01f0ba8d74ab",
                  "isHook": false,
                  "skipped": false
                },
                {
                  "title": "should throw error",
                  "fullTitle": "#diff() with non-number arguments should throw error",
                  "timedOut": false,
                  "duration": 0,
                  "state": "passed",
                  "speed": "fast",
                  "pass": true,
                  "fail": false,
                  "pending": false,
                  "context": null,
                  "code": "expect(function () {\n    diff(1, 2, '3', [4], 5)\n}).to.throw(TypeError, 'diff() expects only numbers.')",
                  "err": {},
                  "uuid": "782d15d3-9d04-4493-af25-853e56c2b7d8",
                  "parentUUID": "252c2e30-cce7-4b8d-9734-01f0ba8d74ab",
                  "isHook": false,
                  "skipped": false
                }
              ],
              "suites": [],
              "passes": [
                "782d15d3-9d04-4493-af25-853e56c2b7d8"
              ],
              "failures": [],
              "pending": [
                "4d2d6215-4bb2-4b8c-a19e-5621f8553b57"
              ],
              "skipped": [],
              "duration": 0,
              "root": false,
              "rootEmpty": false,
              "_timeout": 2000
            }
          ],
          "passes": [],
          "failures": [],
          "pending": [],
          "skipped": [],
          "duration": 0,
          "root": false,
          "rootEmpty": false,
          "_timeout": 2000
        }
      ],
      "passes": [],
      "failures": [],
      "pending": [],
      "skipped": [],
      "duration": 0,
      "root": true,
      "rootEmpty": true,
      "_timeout": 2000
    }
  ],
  "meta": {
    "mocha": {
      "version": "9.1.1"
    },
    "mochawesome": {
      "options": {
        "quiet": false,
        "reportFilename": "mochawesome",
        "saveHtml": true,
        "saveJson": true,
        "consoleReporter": "spec",
        "useInlineDiffs": false,
        "code": true
      },
      "version": "6.2.2"
    },
    "marge": {
      "options": null,
      "version": "5.2.0"
    }
  }
}