{
  "stats": {
    "suites": 8,
    "tests": 8,
    "passes": 8,
    "pending": 0,
    "failures": 0,
    "start": "2021-08-31T05:15:10.986Z",
    "end": "2021-08-31T05:15:10.993Z",
    "duration": 7,
    "testsRegistered": 8,
    "passPercent": 100,
    "pendingPercent": 0,
    "other": 0,
    "hasOther": false,
    "skipped": 0,
    "hasSkipped": false
  },
  "results": [
    {
      "uuid": "1f101f8a-c8b8-4c1e-8555-639e1c3f2578",
      "title": "",
      "fullFile": "",
      "file": "",
      "beforeHooks": [],
      "afterHooks": [],
      "tests": [],
      "suites": [
        {
          "uuid": "7b914280-5038-4b4c-9b8c-a85694bcbcad",
          "title": "#sum()",
          "fullFile": "/Users/ajdavidson/Desktop/test/awsomocha/calc.test.js",
          "file": "/calc.test.js",
          "beforeHooks": [],
          "afterHooks": [],
          "tests": [],
          "suites": [
            {
              "uuid": "620879f4-f335-4e99-87af-857c3d639a94",
              "title": "without arguments",
              "fullFile": "/Users/ajdavidson/Desktop/test/awsomocha/calc.test.js",
              "file": "/calc.test.js",
              "beforeHooks": [],
              "afterHooks": [],
              "tests": [
                {
                  "title": "should return 0",
                  "fullTitle": "#sum() without arguments should return 0",
                  "timedOut": false,
                  "duration": 1,
                  "state": "passed",
                  "speed": "fast",
                  "pass": true,
                  "fail": false,
                  "pending": false,
                  "context": null,
                  "code": "expect(sum()).to.equal(0)",
                  "err": {},
                  "uuid": "0ba252e1-f55d-4c7c-8bd9-af01d6a447f5",
                  "parentUUID": "620879f4-f335-4e99-87af-857c3d639a94",
                  "isHook": false,
                  "skipped": false
                }
              ],
              "suites": [],
              "passes": [
                "0ba252e1-f55d-4c7c-8bd9-af01d6a447f5"
              ],
              "failures": [],
              "pending": [],
              "skipped": [],
              "duration": 1,
              "root": false,
              "rootEmpty": false,
              "_timeout": 2000
            },
            {
              "uuid": "a023587a-3718-4937-bf52-da9e5cb7ae0b",
              "title": "with number arguments",
              "fullFile": "/Users/ajdavidson/Desktop/test/awsomocha/calc.test.js",
              "file": "/calc.test.js",
              "beforeHooks": [],
              "afterHooks": [],
              "tests": [
                {
                  "title": "should return sum of arguments",
                  "fullTitle": "#sum() with number arguments should return sum of arguments",
                  "timedOut": false,
                  "duration": 0,
                  "state": "passed",
                  "speed": "fast",
                  "pass": true,
                  "fail": false,
                  "pending": false,
                  "context": null,
                  "code": "expect(sum(1, 2, 3, 4, 5)).to.equal(15)",
                  "err": {},
                  "uuid": "0ec026c7-c017-409a-83b5-f1af5dc016b4",
                  "parentUUID": "a023587a-3718-4937-bf52-da9e5cb7ae0b",
                  "isHook": false,
                  "skipped": false
                },
                {
                  "title": "should return argument when only one argument is passed",
                  "fullTitle": "#sum() with number arguments should return argument when only one argument is passed",
                  "timedOut": false,
                  "duration": 0,
                  "state": "passed",
                  "speed": "fast",
                  "pass": true,
                  "fail": false,
                  "pending": false,
                  "context": null,
                  "code": "expect(sum(5)).to.equal(5)",
                  "err": {},
                  "uuid": "6e2d3126-de98-4d90-9963-44ff62394313",
                  "parentUUID": "a023587a-3718-4937-bf52-da9e5cb7ae0b",
                  "isHook": false,
                  "skipped": false
                }
              ],
              "suites": [],
              "passes": [
                "0ec026c7-c017-409a-83b5-f1af5dc016b4",
                "6e2d3126-de98-4d90-9963-44ff62394313"
              ],
              "failures": [],
              "pending": [],
              "skipped": [],
              "duration": 0,
              "root": false,
              "rootEmpty": false,
              "_timeout": 2000
            },
            {
              "uuid": "880f7e34-cc88-4fc5-9c12-a960c6c33bec",
              "title": "with non-number arguments",
              "fullFile": "/Users/ajdavidson/Desktop/test/awsomocha/calc.test.js",
              "file": "/calc.test.js",
              "beforeHooks": [],
              "afterHooks": [],
              "tests": [
                {
                  "title": "should throw error",
                  "fullTitle": "#sum() with non-number arguments should throw error",
                  "timedOut": false,
                  "duration": 1,
                  "state": "passed",
                  "speed": "fast",
                  "pass": true,
                  "fail": false,
                  "pending": false,
                  "context": null,
                  "code": "expect(function() {\n    sum(1, 2, '3', [4], 5)\n}).to.throw(TypeError, 'sum() expects only numbers.')",
                  "err": {},
                  "uuid": "902afa10-d054-4fd5-a637-1d72c728ce54",
                  "parentUUID": "880f7e34-cc88-4fc5-9c12-a960c6c33bec",
                  "isHook": false,
                  "skipped": false
                }
              ],
              "suites": [],
              "passes": [
                "902afa10-d054-4fd5-a637-1d72c728ce54"
              ],
              "failures": [],
              "pending": [],
              "skipped": [],
              "duration": 1,
              "root": false,
              "rootEmpty": false,
              "_timeout": 2000
            }
          ],
          "passes": [],
          "failures": [],
          "pending": [],
          "skipped": [],
          "duration": 0,
          "root": false,
          "rootEmpty": false,
          "_timeout": 2000
        },
        {
          "uuid": "4af9dcc6-3aec-4f95-aeff-0cc87cd3e2b7",
          "title": "#diff()",
          "fullFile": "/Users/ajdavidson/Desktop/test/awsomocha/calc.test.js",
          "file": "/calc.test.js",
          "beforeHooks": [],
          "afterHooks": [],
          "tests": [],
          "suites": [
            {
              "uuid": "3d214c73-fcb6-433f-be46-f6c86bc4c230",
              "title": "without arguments",
              "fullFile": "/Users/ajdavidson/Desktop/test/awsomocha/calc.test.js",
              "file": "/calc.test.js",
              "beforeHooks": [],
              "afterHooks": [],
              "tests": [
                {
                  "title": "should return 0",
                  "fullTitle": "#diff() without arguments should return 0",
                  "timedOut": false,
                  "duration": 0,
                  "state": "passed",
                  "speed": "fast",
                  "pass": true,
                  "fail": false,
                  "pending": false,
                  "context": null,
                  "code": "expect(diff()).to.equal(0)",
                  "err": {},
                  "uuid": "347a9105-52fb-4805-928d-7fd227bbc04a",
                  "parentUUID": "3d214c73-fcb6-433f-be46-f6c86bc4c230",
                  "isHook": false,
                  "skipped": false
                }
              ],
              "suites": [],
              "passes": [
                "347a9105-52fb-4805-928d-7fd227bbc04a"
              ],
              "failures": [],
              "pending": [],
              "skipped": [],
              "duration": 0,
              "root": false,
              "rootEmpty": false,
              "_timeout": 2000
            },
            {
              "uuid": "cb54eedd-1487-423d-aaa1-1eb31195ce37",
              "title": "with number arguments",
              "fullFile": "/Users/ajdavidson/Desktop/test/awsomocha/calc.test.js",
              "file": "/calc.test.js",
              "beforeHooks": [],
              "afterHooks": [],
              "tests": [
                {
                  "title": "should return diff of arguments",
                  "fullTitle": "#diff() with number arguments should return diff of arguments",
                  "timedOut": false,
                  "duration": 0,
                  "state": "passed",
                  "speed": "fast",
                  "pass": true,
                  "fail": false,
                  "pending": false,
                  "context": null,
                  "code": "expect(diff(9, 5)).to.equal(4)",
                  "err": {},
                  "uuid": "04b69cc6-322e-4df4-b6ea-f320abcb5da2",
                  "parentUUID": "cb54eedd-1487-423d-aaa1-1eb31195ce37",
                  "isHook": false,
                  "skipped": false
                },
                {
                  "title": "should return argument when only one argument is passed",
                  "fullTitle": "#diff() with number arguments should return argument when only one argument is passed",
                  "timedOut": false,
                  "duration": 0,
                  "state": "passed",
                  "speed": "fast",
                  "pass": true,
                  "fail": false,
                  "pending": false,
                  "context": null,
                  "code": "expect(diff(5)).to.equal(5)",
                  "err": {},
                  "uuid": "cff06cc2-e19a-41db-9b45-90ca85e50e79",
                  "parentUUID": "cb54eedd-1487-423d-aaa1-1eb31195ce37",
                  "isHook": false,
                  "skipped": false
                }
              ],
              "suites": [],
              "passes": [
                "04b69cc6-322e-4df4-b6ea-f320abcb5da2",
                "cff06cc2-e19a-41db-9b45-90ca85e50e79"
              ],
              "failures": [],
              "pending": [],
              "skipped": [],
              "duration": 0,
              "root": false,
              "rootEmpty": false,
              "_timeout": 2000
            },
            {
              "uuid": "2d996dbf-cd27-4c9f-bca4-2ba5f5a8c8cd",
              "title": "with non-number arguments",
              "fullFile": "/Users/ajdavidson/Desktop/test/awsomocha/calc.test.js",
              "file": "/calc.test.js",
              "beforeHooks": [],
              "afterHooks": [],
              "tests": [
                {
                  "title": "should throw error",
                  "fullTitle": "#diff() with non-number arguments should throw error",
                  "timedOut": false,
                  "duration": 0,
                  "state": "passed",
                  "speed": "fast",
                  "pass": true,
                  "fail": false,
                  "pending": false,
                  "context": null,
                  "code": "expect(function() {\n    diff(1, 2, '3', [4], 5)\n}).to.throw(TypeError, 'diff() expects only numbers.')",
                  "err": {},
                  "uuid": "92af249b-2b80-45be-83ef-57c649d7cdf1",
                  "parentUUID": "2d996dbf-cd27-4c9f-bca4-2ba5f5a8c8cd",
                  "isHook": false,
                  "skipped": false
                }
              ],
              "suites": [],
              "passes": [
                "92af249b-2b80-45be-83ef-57c649d7cdf1"
              ],
              "failures": [],
              "pending": [],
              "skipped": [],
              "duration": 0,
              "root": false,
              "rootEmpty": false,
              "_timeout": 2000
            }
          ],
          "passes": [],
          "failures": [],
          "pending": [],
          "skipped": [],
          "duration": 0,
          "root": false,
          "rootEmpty": false,
          "_timeout": 2000
        }
      ],
      "passes": [],
      "failures": [],
      "pending": [],
      "skipped": [],
      "duration": 0,
      "root": true,
      "rootEmpty": true,
      "_timeout": 2000
    }
  ],
  "meta": {
    "mocha": {
      "version": "9.1.1"
    },
    "mochawesome": {
      "options": {
        "quiet": false,
        "reportFilename": "mochawesome",
        "saveHtml": true,
        "saveJson": true,
        "consoleReporter": "spec",
        "useInlineDiffs": false,
        "code": true
      },
      "version": "6.2.2"
    },
    "marge": {
      "options": null,
      "version": "5.2.0"
    }
  }
}